This file contains any messages produced by compilers while
running configure, to aid debugging if configure makes a mistake.

It was created by configure, which was
generated by GNU Autoconf 2.72.  Invocation command line was

  $ ./configure --with-php-config=/opt/homebrew/bin/php-config

## --------- ##
## Platform. ##
## --------- ##

hostname = main-mac.local
uname -m = arm64
uname -r = 24.4.0
uname -s = Darwin
uname -v = Darwin Kernel Version 24.4.0: Fri Apr 11 18:33:47 PDT 2025; root:xnu-11417.101.15~117/RELEASE_ARM64_T6000

/usr/bin/uname -p = arm
/bin/uname -X     = unknown

/bin/arch              = unknown
/usr/bin/arch -k       = unknown
/usr/convex/getsysinfo = unknown
/usr/bin/hostinfo      = Mach kernel version:
	 Darwin Kernel Version 24.4.0: Fri Apr 11 18:33:47 PDT 2025; root:xnu-11417.101.15~117/RELEASE_ARM64_T6000
Kernel configured for up to 8 processors.
8 processors are physically available.
8 processors are logically available.
Processor type: arm64e (ARM64E)
Processors active: 0 1 2 3 4 5 6 7
Primary memory available: 16.00 gigabytes
Default processor set: 455 tasks, 3325 threads, 8 processors
Load average: 42.54, Mach factor: 0.18
/bin/machine           = unknown
/usr/bin/oslevel       = unknown
/bin/universe          = unknown

PATH: /Users/angelgonzalez/Library/Application Support/Herd/bin/
PATH: /Users/angelgonzalez/Library/Application Support/Herd/bin/
PATH: /Users/angelgonzalez/.local/bin/
PATH: /Users/angelgonzalez/Library/Application Support/Herd/config/nvm/versions/node/v22.18.0/bin/
PATH: /Users/angelgonzalez/.composer/vendor/bin/
PATH: /Users/Shared/DBngin/mysql/8.0.33/bin/
PATH: /Users/Shared/DBngin/postgresql/15.1/bin/
PATH: /Users/angelgonzalez/kafka_2.13-3.6.1/bin/
PATH: /opt/homebrew/opt/php@8.2/bin/
PATH: /opt/homebrew/bin/
PATH: /Users/angelgonzalez/.bun/bin/
PATH: /usr/bin/
PATH: /bin/
PATH: /usr/sbin/
PATH: /sbin/
PATH: /usr/local/bin/
PATH: /usr/X11/bin/
PATH: /Users/angelgonzalez/.lmstudio/bin/


## ----------- ##
## Core tests. ##
## ----------- ##

configure:2560: looking for aux files: config.guess config.sub
configure:2573:  trying ./build/
configure:2602:   ./build/config.guess found
configure:2602:   ./build/config.sub found
configure:2720: checking for grep that handles long lines and -e
configure:2786: result: /usr/bin/grep
configure:2791: checking for egrep
configure:2861: result: /usr/bin/grep -E
configure:2868: checking for a sed that does not truncate output
configure:2940: result: /usr/bin/sed
configure:3017: checking build system type
configure:3033: result: aarch64-apple-darwin24.4.0
configure:3053: checking host system type
configure:3068: result: aarch64-apple-darwin24.4.0
configure:3088: checking target system type
configure:3103: result: aarch64-apple-darwin24.4.0
configure:3155: checking for gawk
configure:3192: result: no
configure:3155: checking for nawk
configure:3192: result: no
configure:3155: checking for awk
configure:3177: found /usr/bin/awk
configure:3189: result: awk
configure:3211: checking if awk is broken
configure:3221: result: no
configure:3297: checking for pkg-config
configure:3320: found /opt/homebrew/bin/pkg-config
configure:3333: result: /opt/homebrew/bin/pkg-config
configure:3358: checking pkg-config is at least version 0.9.0
configure:3361: result: yes
configure:3438: checking for cc
configure:3459: found /usr/bin/cc
configure:3471: result: cc
configure:3502: checking for C compiler version
configure:3511: cc --version >&5
Apple clang version 17.0.0 (clang-1700.0.13.3)
Target: arm64-apple-darwin24.4.0
Thread model: posix
InstalledDir: /Library/Developer/CommandLineTools/usr/bin
configure:3522: $? = 0
configure:3511: cc -v >&5
Apple clang version 17.0.0 (clang-1700.0.13.3)
Target: arm64-apple-darwin24.4.0
Thread model: posix
InstalledDir: /Library/Developer/CommandLineTools/usr/bin
configure:3522: $? = 0
configure:3511: cc -V >&5
clang: error: argument to '-V' is missing (expected 1 value)
clang: error: no input files
configure:3522: $? = 1
configure:3511: cc -qversion >&5
clang: error: unknown argument '-qversion'; did you mean '--version'?
clang: error: no input files
configure:3522: $? = 1
configure:3511: cc -version >&5
clang: error: unknown argument '-version'; did you mean '--version'?
clang: error: no input files
configure:3522: $? = 1
configure:3542: checking whether the C compiler works
configure:3564: cc  -Wno-error -Wno-error=incompatible-pointer-types -Wno-pointer-compare  -Wno-error -Wno-error=incompatible-pointer-types  conftest.c  >&5
configure:3568: $? = 0
configure:3619: result: yes
configure:3623: checking for C compiler default output file name
configure:3625: result: a.out
configure:3631: checking for suffix of executables
configure:3638: cc -o conftest  -Wno-error -Wno-error=incompatible-pointer-types -Wno-pointer-compare  -Wno-error -Wno-error=incompatible-pointer-types  conftest.c  >&5
configure:3642: $? = 0
configure:3666: result: 
configure:3690: checking whether we are cross compiling
configure:3698: cc -o conftest  -Wno-error -Wno-error=incompatible-pointer-types -Wno-pointer-compare  -Wno-error -Wno-error=incompatible-pointer-types  conftest.c  >&5
configure:3702: $? = 0
configure:3709: ./conftest
configure:3713: $? = 0
configure:3728: result: no
configure:3734: checking for suffix of object files
configure:3757: cc -c  -Wno-error -Wno-error=incompatible-pointer-types -Wno-pointer-compare  -Wno-error -Wno-error=incompatible-pointer-types conftest.c >&5
configure:3761: $? = 0
configure:3785: result: o
configure:3789: checking whether the compiler supports GNU C
configure:3809: cc -c  -Wno-error -Wno-error=incompatible-pointer-types -Wno-pointer-compare  -Wno-error -Wno-error=incompatible-pointer-types conftest.c >&5
configure:3809: $? = 0
configure:3821: result: yes
configure:3832: checking whether cc accepts -g
configure:3853: cc -c -g  -Wno-error -Wno-error=incompatible-pointer-types conftest.c >&5
configure:3853: $? = 0
configure:3900: result: yes
configure:3920: checking for cc option to enable C11 features
configure:3935: cc  -c  -Wno-error -Wno-error=incompatible-pointer-types -Wno-pointer-compare  -Wno-error -Wno-error=incompatible-pointer-types conftest.c >&5
configure:3935: $? = 0
configure:3954: result: none needed
configure:4078: checking how to run the C preprocessor
configure:4104: cc -E  -Wno-error -Wno-error=incompatible-pointer-types conftest.c
configure:4104: $? = 0
configure:4120: cc -E  -Wno-error -Wno-error=incompatible-pointer-types conftest.c
conftest.c:9:10: fatal error: 'ac_nonexistent.h' file not found
    9 | #include <ac_nonexistent.h>
      |          ^~~~~~~~~~~~~~~~~~
1 error generated.
configure:4120: $? = 1
configure: failed program was:
| /* confdefs.h */
| #define PACKAGE_NAME ""
| #define PACKAGE_TARNAME ""
| #define PACKAGE_VERSION ""
| #define PACKAGE_STRING ""
| #define PACKAGE_BUGREPORT ""
| #define PACKAGE_URL ""
| /* end confdefs.h.  */
| #include <ac_nonexistent.h>
configure:4149: result: cc -E
configure:4163: cc -E  -Wno-error -Wno-error=incompatible-pointer-types conftest.c
configure:4163: $? = 0
configure:4179: cc -E  -Wno-error -Wno-error=incompatible-pointer-types conftest.c
conftest.c:9:10: fatal error: 'ac_nonexistent.h' file not found
    9 | #include <ac_nonexistent.h>
      |          ^~~~~~~~~~~~~~~~~~
1 error generated.
configure:4179: $? = 1
configure: failed program was:
| /* confdefs.h */
| #define PACKAGE_NAME ""
| #define PACKAGE_TARNAME ""
| #define PACKAGE_VERSION ""
| #define PACKAGE_STRING ""
| #define PACKAGE_BUGREPORT ""
| #define PACKAGE_URL ""
| /* end confdefs.h.  */
| #include <ac_nonexistent.h>
configure:4212: checking for egrep -e
configure:4342: result: /usr/bin/grep -E
configure:4348: checking for icc
configure:4358: result: no
configure:4373: checking for suncc
configure:4383: result: no
configure:4402: checking for system library directory
configure:4419: result: lib
configure:4426: checking if compiler supports -Wl,-rpath,
configure:4446: cc -o conftest  -Wno-error -Wno-error=incompatible-pointer-types -Wno-pointer-compare  -Wno-error -Wno-error=incompatible-pointer-types  conftest.c -Wl,-rpath,/usr/lib  >&5
configure:4446: $? = 0
configure:4459: result: yes
configure:4583: checking for PHP prefix
configure:4585: result: /opt/homebrew/Cellar/php/8.4.11
configure:4587: checking for PHP includes
configure:4589: result: -I/opt/homebrew/Cellar/php/8.4.11/include/php -I/opt/homebrew/Cellar/php/8.4.11/include/php/main -I/opt/homebrew/Cellar/php/8.4.11/include/php/TSRM -I/opt/homebrew/Cellar/php/8.4.11/include/php/Zend -I/opt/homebrew/Cellar/php/8.4.11/include/php/ext -I/opt/homebrew/Cellar/php/8.4.11/include/php/ext/date/lib
configure:4591: checking for PHP extension directory
configure:4593: result: /opt/homebrew/Cellar/php/8.4.11/pecl/20240924
configure:4595: checking for PHP installed headers prefix
configure:4597: result: /opt/homebrew/Cellar/php/8.4.11/include/php
configure:4600: checking if debugging is enabled
configure:4624: result: no
configure:4627: checking if PHP is built with thread safety (ZTS)
configure:4651: result: no
configure:4728: result: 
configure:4730: result: [1mConfiguring extension[m
configure:4737: checking whether to enable posi
configure:4778: result: yes, shared
configure:5173: checking for cc options needed to detect all undeclared functions
configure:5195: cc -c  -Wno-error -Wno-error=incompatible-pointer-types -Wno-pointer-compare   -Wno-error -Wno-error=incompatible-pointer-types -I/opt/homebrew/Cellar/php/8.4.11/include/php -I/opt/homebrew/Cellar/php/8.4.11/include/php/main -I/opt/homebrew/Cellar/php/8.4.11/include/php/TSRM -I/opt/homebrew/Cellar/php/8.4.11/include/php/Zend -I/opt/homebrew/Cellar/php/8.4.11/include/php/ext -I/opt/homebrew/Cellar/php/8.4.11/include/php/ext/date/lib conftest.c >&5
conftest.c:15:8: error: call to undeclared library function 'strchr' with type 'char *(const char *, int)'; ISO C99 and later do not support implicit function declarations [-Wimplicit-function-declaration]
   15 | (void) strchr;
      |        ^
conftest.c:15:8: note: include the header <string.h> or explicitly provide a declaration for 'strchr'
1 error generated.
configure:5195: $? = 1
configure: failed program was:
| /* confdefs.h */
| #define PACKAGE_NAME ""
| #define PACKAGE_TARNAME ""
| #define PACKAGE_VERSION ""
| #define PACKAGE_STRING ""
| #define PACKAGE_BUGREPORT ""
| #define PACKAGE_URL ""
| #define HAVE_POSI 1
| #define COMPILE_DL_POSI 1
| /* end confdefs.h.  */
| 
| int
| main (void)
| {
| (void) strchr;
|   ;
|   return 0;
| }
configure:5222: cc -c  -Wno-error -Wno-error=incompatible-pointer-types -Wno-pointer-compare   -Wno-error -Wno-error=incompatible-pointer-types -I/opt/homebrew/Cellar/php/8.4.11/include/php -I/opt/homebrew/Cellar/php/8.4.11/include/php/main -I/opt/homebrew/Cellar/php/8.4.11/include/php/TSRM -I/opt/homebrew/Cellar/php/8.4.11/include/php/Zend -I/opt/homebrew/Cellar/php/8.4.11/include/php/ext -I/opt/homebrew/Cellar/php/8.4.11/include/php/ext/date/lib conftest.c >&5
configure:5222: $? = 0
configure:5242: result: none needed
configure:5256: checking whether HAVE_BUNDLED_PCRE is declared
configure:5256: cc -c  -Wno-error -Wno-error=incompatible-pointer-types -Wno-pointer-compare   -Wno-error -Wno-error=incompatible-pointer-types -I/opt/homebrew/Cellar/php/8.4.11/include/php -I/opt/homebrew/Cellar/php/8.4.11/include/php/main -I/opt/homebrew/Cellar/php/8.4.11/include/php/TSRM -I/opt/homebrew/Cellar/php/8.4.11/include/php/Zend -I/opt/homebrew/Cellar/php/8.4.11/include/php/ext -I/opt/homebrew/Cellar/php/8.4.11/include/php/ext/date/lib conftest.c >&5
conftest.c:21:10: error: use of undeclared identifier 'HAVE_BUNDLED_PCRE'
   21 |   (void) HAVE_BUNDLED_PCRE;
      |          ^
1 error generated.
configure:5256: $? = 1
configure: failed program was:
| /* confdefs.h */
| #define PACKAGE_NAME ""
| #define PACKAGE_TARNAME ""
| #define PACKAGE_VERSION ""
| #define PACKAGE_STRING ""
| #define PACKAGE_BUGREPORT ""
| #define PACKAGE_URL ""
| #define HAVE_POSI 1
| #define COMPILE_DL_POSI 1
| /* end confdefs.h.  */
| #include "php_config.h"
| 
| 
| int
| main (void)
| {
| #ifndef HAVE_BUNDLED_PCRE
| #ifdef __cplusplus
|   (void) HAVE_BUNDLED_PCRE;
| #else
|   (void) HAVE_BUNDLED_PCRE;
| #endif
| #endif
| 
|   ;
|   return 0;
| }
configure:5256: result: no
configure:5300: checking whether HAVE_JSON is declared
configure:5300: cc -c  -Wno-error -Wno-error=incompatible-pointer-types -Wno-pointer-compare   -Wno-error -Wno-error=incompatible-pointer-types -I/opt/homebrew/Cellar/php/8.4.11/include/php -I/opt/homebrew/Cellar/php/8.4.11/include/php/main -I/opt/homebrew/Cellar/php/8.4.11/include/php/TSRM -I/opt/homebrew/Cellar/php/8.4.11/include/php/Zend -I/opt/homebrew/Cellar/php/8.4.11/include/php/ext -I/opt/homebrew/Cellar/php/8.4.11/include/php/ext/date/lib conftest.c >&5
conftest.c:21:10: error: use of undeclared identifier 'HAVE_JSON'
   21 |   (void) HAVE_JSON;
      |          ^
1 error generated.
configure:5300: $? = 1
configure: failed program was:
| /* confdefs.h */
| #define PACKAGE_NAME ""
| #define PACKAGE_TARNAME ""
| #define PACKAGE_VERSION ""
| #define PACKAGE_STRING ""
| #define PACKAGE_BUGREPORT ""
| #define PACKAGE_URL ""
| #define HAVE_POSI 1
| #define COMPILE_DL_POSI 1
| /* end confdefs.h.  */
| #include "php_config.h"
| 
| 
| int
| main (void)
| {
| #ifndef HAVE_JSON
| #ifdef __cplusplus
|   (void) HAVE_JSON;
| #else
|   (void) HAVE_JSON;
| #endif
| #endif
| 
|   ;
|   return 0;
| }
configure:5300: result: no
configure:5377: result: 
configure:5379: result: [1mConfiguring libtool[m
configure:5467: checking for a sed that does not truncate output
configure:5523: result: /usr/bin/sed
configure:5539: checking for ld used by cc
configure:5608: result: /Library/Developer/CommandLineTools/usr/bin/ld
configure:5615: checking if the linker (/Library/Developer/CommandLineTools/usr/bin/ld) is GNU ld
configure:5632: result: no
configure:5637: checking for /Library/Developer/CommandLineTools/usr/bin/ld option to reload object files
configure:5646: result: -r
configure:5664: checking for BSD-compatible nm
configure:5715: result: /usr/bin/nm -B
configure:5719: checking whether ln -s works
configure:5723: result: yes
configure:5730: checking how to recognize dependent libraries
configure:5918: result: pass_all
configure:6143: checking for stdio.h
configure:6143: cc -c  -Wno-error -Wno-error=incompatible-pointer-types -Wno-pointer-compare  -Wno-error -Wno-error=incompatible-pointer-types conftest.c >&5
configure:6143: $? = 0
configure:6143: result: yes
configure:6143: checking for stdlib.h
configure:6143: cc -c  -Wno-error -Wno-error=incompatible-pointer-types -Wno-pointer-compare  -Wno-error -Wno-error=incompatible-pointer-types conftest.c >&5
configure:6143: $? = 0
configure:6143: result: yes
configure:6143: checking for string.h
configure:6143: cc -c  -Wno-error -Wno-error=incompatible-pointer-types -Wno-pointer-compare  -Wno-error -Wno-error=incompatible-pointer-types conftest.c >&5
configure:6143: $? = 0
configure:6143: result: yes
configure:6143: checking for inttypes.h
configure:6143: cc -c  -Wno-error -Wno-error=incompatible-pointer-types -Wno-pointer-compare  -Wno-error -Wno-error=incompatible-pointer-types conftest.c >&5
configure:6143: $? = 0
configure:6143: result: yes
configure:6143: checking for stdint.h
configure:6143: cc -c  -Wno-error -Wno-error=incompatible-pointer-types -Wno-pointer-compare  -Wno-error -Wno-error=incompatible-pointer-types conftest.c >&5
configure:6143: $? = 0
configure:6143: result: yes
configure:6143: checking for strings.h
configure:6143: cc -c  -Wno-error -Wno-error=incompatible-pointer-types -Wno-pointer-compare  -Wno-error -Wno-error=incompatible-pointer-types conftest.c >&5
configure:6143: $? = 0
configure:6143: result: yes
configure:6143: checking for sys/stat.h
configure:6143: cc -c  -Wno-error -Wno-error=incompatible-pointer-types -Wno-pointer-compare  -Wno-error -Wno-error=incompatible-pointer-types conftest.c >&5
configure:6143: $? = 0
configure:6143: result: yes
configure:6143: checking for sys/types.h
configure:6143: cc -c  -Wno-error -Wno-error=incompatible-pointer-types -Wno-pointer-compare  -Wno-error -Wno-error=incompatible-pointer-types conftest.c >&5
configure:6143: $? = 0
configure:6143: result: yes
configure:6143: checking for unistd.h
configure:6143: cc -c  -Wno-error -Wno-error=incompatible-pointer-types -Wno-pointer-compare  -Wno-error -Wno-error=incompatible-pointer-types conftest.c >&5
configure:6143: $? = 0
configure:6143: result: yes
configure:6168: checking for dlfcn.h
configure:6168: cc -c  -Wno-error -Wno-error=incompatible-pointer-types -Wno-pointer-compare  -Wno-error -Wno-error=incompatible-pointer-types conftest.c >&5
configure:6168: $? = 0
configure:6168: result: yes
configure:6187: checking the maximum length of command line arguments
configure:6301: result: 786432
configure:6313: checking command to parse /usr/bin/nm -B output from cc object
configure:6419: cc -c  -Wno-error -Wno-error=incompatible-pointer-types -Wno-pointer-compare  -Wno-error -Wno-error=incompatible-pointer-types conftest.c >&5
configure:6422: $? = 0
configure:6426: /usr/bin/nm -B conftest.o \| sed -n -e 's/^.*[ 	]\([ABCDGIRSTW][ABCDGIRSTW]*\)[ 	][ 	]*\([_A-Za-z][_A-Za-z0-9]*\)$/\1 \2 \2/p' \> conftest.nm
configure:6429: $? = 0
cannot find nm_test_var in conftest.nm
configure:6419: cc -c  -Wno-error -Wno-error=incompatible-pointer-types -Wno-pointer-compare  -Wno-error -Wno-error=incompatible-pointer-types conftest.c >&5
configure:6422: $? = 0
configure:6426: /usr/bin/nm -B conftest.o \| sed -n -e 's/^.*[ 	]\([ABCDGIRSTW][ABCDGIRSTW]*\)[ 	][ 	]*_\([_A-Za-z][_A-Za-z0-9]*\)$/\1 _\2 \2/p' \> conftest.nm
configure:6429: $? = 0
configure:6481: cc -o conftest  -Wno-error -Wno-error=incompatible-pointer-types -Wno-pointer-compare  -Wno-error -Wno-error=incompatible-pointer-types  conftest.c conftstm.o >&5
configure:6484: $? = 0
configure:6523: result: ok
configure:6527: checking for objdir
configure:6544: result: .libs
configure:6642: checking for ar
configure:6663: found /usr/bin/ar
configure:6675: result: ar
configure:6746: checking for ranlib
configure:6767: found /usr/bin/ranlib
configure:6779: result: ranlib
configure:6850: checking for strip
configure:6871: found /usr/bin/strip
configure:6883: result: strip
configure:7146: checking for dsymutil
configure:7167: found /usr/bin/dsymutil
configure:7179: result: dsymutil
configure:7250: checking for nmedit
configure:7271: found /usr/bin/nmedit
configure:7283: result: nmedit
configure:7306: checking for -single_module linker flag
configure:7329: result: yes
configure:7331: checking for -exported_symbols_list linker flag
configure:7348: cc -o conftest  -Wno-error -Wno-error=incompatible-pointer-types -Wno-pointer-compare  -Wno-error -Wno-error=incompatible-pointer-types  -Wl,-exported_symbols_list,conftest.sym conftest.c  >&5
configure:7351: $? = 0
configure:7366: result: yes
configure:7486: checking if cc supports -fno-rtti -fno-exceptions
configure:7505: cc -c  -Wno-error -Wno-error=incompatible-pointer-types -Wno-pointer-compare  -Wno-error -Wno-error=incompatible-pointer-types -fno-rtti -fno-exceptions conftest.c >&5
configure:7509: $? = 0
configure:7523: result: yes
configure:7538: checking for cc option to produce PIC
configure:7778: result: -fno-common
configure:7786: checking if cc PIC flag -fno-common works
configure:7805: cc -c  -Wno-error -Wno-error=incompatible-pointer-types -Wno-pointer-compare  -Wno-error -Wno-error=incompatible-pointer-types -fno-common -DPIC conftest.c >&5
configure:7809: $? = 0
configure:7823: result: yes
configure:7851: checking if cc static flag -static works
configure:7881: result: no
configure:7891: checking if cc supports -c -o file.o
configure:7913: cc -c  -Wno-error -Wno-error=incompatible-pointer-types -Wno-pointer-compare  -Wno-error -Wno-error=incompatible-pointer-types -o out/conftest2.o conftest.c >&5
configure:7917: $? = 0
configure:7940: result: yes
configure:7966: checking whether the cc linker (/Library/Developer/CommandLineTools/usr/bin/ld) supports shared libraries
configure:8894: result: yes
configure:8961: checking dynamic linker characteristics
configure:9570: result: darwin24.4.0 dyld
configure:9598: checking how to hardcode library paths into programs
configure:9623: result: immediate
configure:9637: checking whether stripping libraries is possible
configure:9651: result: yes
configure:10205: checking if libtool supports shared libraries
configure:10207: result: yes
configure:10210: checking whether to build shared libraries
configure:10231: result: yes
configure:10234: checking whether to build static libraries
configure:10238: result: no
configure:10332: result:
creating libtool
configure:13976: result: 
configure:13978: result: [1mGenerating files[m
configure:14103: creating build directories
configure:14108: creating Makefile
configure:14124: patching config.h.in
configure:14135: creating ./config.status

## ---------------------- ##
## Running config.status. ##
## ---------------------- ##

This file was extended by config.status, which was
generated by GNU Autoconf 2.72.  Invocation command line was

  CONFIG_FILES    = 
  CONFIG_HEADERS  = 
  CONFIG_LINKS    = 
  CONFIG_COMMANDS = 
  $ ./config.status 

on main-mac.local

config.status:673: creating config.h

## ---------------- ##
## Cache variables. ##
## ---------------- ##

ac_cv_build=aarch64-apple-darwin24.4.0
ac_cv_c_compiler_gnu=yes
ac_cv_c_undeclared_builtin_options='none needed'
ac_cv_env_CC_set=
ac_cv_env_CC_value=
ac_cv_env_CFLAGS_set=set
ac_cv_env_CFLAGS_value=' -Wno-error -Wno-error=incompatible-pointer-types -Wno-pointer-compare'
ac_cv_env_CPPFLAGS_set=set
ac_cv_env_CPPFLAGS_value=' -Wno-error -Wno-error=incompatible-pointer-types'
ac_cv_env_CPP_set=
ac_cv_env_CPP_value=
ac_cv_env_LDFLAGS_set=
ac_cv_env_LDFLAGS_value=
ac_cv_env_LIBS_set=
ac_cv_env_LIBS_value=
ac_cv_env_PKG_CONFIG_LIBDIR_set=
ac_cv_env_PKG_CONFIG_LIBDIR_value=
ac_cv_env_PKG_CONFIG_PATH_set=
ac_cv_env_PKG_CONFIG_PATH_value=
ac_cv_env_PKG_CONFIG_set=
ac_cv_env_PKG_CONFIG_value=
ac_cv_env_build_alias_set=
ac_cv_env_build_alias_value=
ac_cv_env_host_alias_set=
ac_cv_env_host_alias_value=
ac_cv_env_target_alias_set=
ac_cv_env_target_alias_value=
ac_cv_have_decl_HAVE_BUNDLED_PCRE=no
ac_cv_have_decl_HAVE_JSON=no
ac_cv_header_dlfcn_h=yes
ac_cv_header_inttypes_h=yes
ac_cv_header_stdint_h=yes
ac_cv_header_stdio_h=yes
ac_cv_header_stdlib_h=yes
ac_cv_header_string_h=yes
ac_cv_header_strings_h=yes
ac_cv_header_sys_stat_h=yes
ac_cv_header_sys_types_h=yes
ac_cv_header_unistd_h=yes
ac_cv_host=aarch64-apple-darwin24.4.0
ac_cv_objext=o
ac_cv_path_EGREP='/usr/bin/grep -E'
ac_cv_path_EGREP_TRADITIONAL='/usr/bin/grep -E'
ac_cv_path_GREP=/usr/bin/grep
ac_cv_path_SED=/usr/bin/sed
ac_cv_path_ac_pt_PKG_CONFIG=/opt/homebrew/bin/pkg-config
ac_cv_prog_AWK=awk
ac_cv_prog_CPP='cc -E'
ac_cv_prog_ac_ct_AR=ar
ac_cv_prog_ac_ct_CC=cc
ac_cv_prog_ac_ct_DSYMUTIL=dsymutil
ac_cv_prog_ac_ct_NMEDIT=nmedit
ac_cv_prog_ac_ct_RANLIB=ranlib
ac_cv_prog_ac_ct_STRIP=strip
ac_cv_prog_cc_c11=
ac_cv_prog_cc_g=yes
ac_cv_prog_cc_stdc=
ac_cv_target=aarch64-apple-darwin24.4.0
lt_cv_apple_cc_single_mod=yes
lt_cv_deplibs_check_method=pass_all
lt_cv_file_magic_cmd='$MAGIC_CMD'
lt_cv_file_magic_test_file=
lt_cv_ld_exported_symbols_list=yes
lt_cv_ld_reload_flag=-r
lt_cv_objdir=.libs
lt_cv_path_LD=/Library/Developer/CommandLineTools/usr/bin/ld
lt_cv_path_NM='/usr/bin/nm -B'
lt_cv_path_SED=/usr/bin/sed
lt_cv_prog_compiler_c_o=yes
lt_cv_prog_compiler_pic_works=yes
lt_cv_prog_compiler_rtti_exceptions=yes
lt_cv_prog_compiler_static_works=no
lt_cv_prog_gnu_ld=no
lt_cv_sys_global_symbol_pipe='sed -n -e '\''s/^.*[ 	]\([ABCDGIRSTW][ABCDGIRSTW]*\)[ 	][ 	]*_\([_A-Za-z][_A-Za-z0-9]*\)$/\1 _\2 \2/p'\'''
lt_cv_sys_global_symbol_to_c_name_address='sed -n -e '\''s/^: \([^ ]*\) $/  {\"\1\", (lt_ptr) 0},/p'\'' -e '\''s/^[BCDEGRST] \([^ ]*\) \([^ ]*\)$/  {"\2", (lt_ptr) \&\2},/p'\'''
lt_cv_sys_global_symbol_to_cdecl='sed -n -e '\''s/^. .* \(.*\)$/extern int \1;/p'\'''
lt_cv_sys_lib_dlsearch_path_spec='/usr/local/lib /lib /usr/lib'
lt_cv_sys_lib_search_path_spec='/Library/Developer/CommandLineTools/usr/lib/clang/17 /usr/local/lib'
lt_cv_sys_max_cmd_len=786432
lt_lt_cv_prog_compiler_c_o='"yes"'
lt_lt_cv_sys_global_symbol_pipe='"sed -n -e '\''s/^.*[ 	]\\([ABCDGIRSTW][ABCDGIRSTW]*\\)[ 	][ 	]*_\\([_A-Za-z][_A-Za-z0-9]*\\)\$/\\1 _\\2 \\2/p'\''"'
lt_lt_cv_sys_global_symbol_to_c_name_address='"sed -n -e '\''s/^: \\([^ ]*\\) \$/  {\\\"\\1\\\", (lt_ptr) 0},/p'\'' -e '\''s/^[BCDEGRST] \\([^ ]*\\) \\([^ ]*\\)\$/  {\"\\2\", (lt_ptr) \\&\\2},/p'\''"'
lt_lt_cv_sys_global_symbol_to_cdecl='"sed -n -e '\''s/^. .* \\(.*\\)\$/extern int \\1;/p'\''"'
php_cv_cc_rpath=yes

## ----------------- ##
## Output variables. ##
## ----------------- ##

AR='ar'
AWK='awk'
BUILD_CC='cc'
CC='cc'
CFLAGS=' -Wno-error -Wno-error=incompatible-pointer-types -Wno-pointer-compare'
CONFIGURE_COMMAND=' '\''./configure'\''  '\''--with-php-config=/opt/homebrew/bin/php-config'\'''
CONFIGURE_OPTIONS=' '\''--with-php-config=/opt/homebrew/bin/php-config'\'''
CPP='cc -E'
CPPFLAGS=' -Wno-error -Wno-error=incompatible-pointer-types -DHAVE_CONFIG_H'
DEFS='-DHAVE_CONFIG_H'
DSYMUTIL='dsymutil'
ECHO='/bin/echo'
ECHO_C='\c'
ECHO_N=''
ECHO_T=''
EGREP='/usr/bin/grep -E'
EXEEXT=''
GREP='/usr/bin/grep'
LDFLAGS=''
LIBOBJS=''
LIBS=''
LIBTOOL='$(SHELL) $(top_builddir)/libtool'
LN_S='ln -s'
LTLIBOBJS=''
NMEDIT='nmedit'
OBJEXT='o'
PACKAGE_BUGREPORT=''
PACKAGE_NAME=''
PACKAGE_STRING=''
PACKAGE_TARNAME=''
PACKAGE_URL=''
PACKAGE_VERSION=''
PATH_SEPARATOR=':'
PKG_CONFIG='/opt/homebrew/bin/pkg-config'
PKG_CONFIG_LIBDIR=''
PKG_CONFIG_PATH=''
RANLIB='ranlib'
SED='/usr/bin/sed'
SHELL='/bin/sh'
SHLIB_DL_SUFFIX_NAME='so'
SHLIB_SUFFIX_NAME='dylib'
STRIP='strip'
ac_ct_CC='cc'
bindir='${exec_prefix}/bin'
build='aarch64-apple-darwin24.4.0'
build_alias=''
build_cpu='aarch64'
build_os='darwin24.4.0'
build_vendor='apple'
datadir='${datarootdir}'
datarootdir='${prefix}/share'
docdir='${datarootdir}/doc/${PACKAGE}'
dvidir='${docdir}'
exec_prefix='$(prefix)'
host='aarch64-apple-darwin24.4.0'
host_alias='aarch64-apple-darwin24.4.0'
host_cpu='aarch64'
host_os='darwin24.4.0'
host_vendor='apple'
htmldir='${docdir}'
includedir='${prefix}/include'
infodir='${datarootdir}/info'
libdir='${exec_prefix}/lib'
libexecdir='${exec_prefix}/libexec'
localedir='${datarootdir}/locale'
localstatedir='${prefix}/var'
mandir='${datarootdir}/man'
oldincludedir='/usr/include'
pdfdir='${docdir}'
prefix='/opt/homebrew/Cellar/php/8.4.11'
program_transform_name='s,x,x,'
psdir='${docdir}'
runstatedir='${localstatedir}/run'
sbindir='${exec_prefix}/sbin'
sharedstatedir='${prefix}/com'
sysconfdir='${prefix}/etc'
target='aarch64-apple-darwin24.4.0'
target_alias=''
target_cpu='aarch64'
target_os='darwin24.4.0'
target_vendor='apple'

## ----------- ##
## confdefs.h. ##
## ----------- ##

/* confdefs.h */
#define PACKAGE_NAME ""
#define PACKAGE_TARNAME ""
#define PACKAGE_VERSION ""
#define PACKAGE_STRING ""
#define PACKAGE_BUGREPORT ""
#define PACKAGE_URL ""
#define HAVE_POSI 1
#define COMPILE_DL_POSI 1
#define HAVE_STDIO_H 1
#define HAVE_STDLIB_H 1
#define HAVE_STRING_H 1
#define HAVE_INTTYPES_H 1
#define HAVE_STDINT_H 1
#define HAVE_STRINGS_H 1
#define HAVE_SYS_STAT_H 1
#define HAVE_SYS_TYPES_H 1
#define HAVE_UNISTD_H 1
#define STDC_HEADERS 1
#define HAVE_DLFCN_H 1

configure: exit 0
